Application is running with Unicode string encoding.
DUMMY - pro_set_input_devices_allowed
DUMMY - putxyres
pglSetStatus: Pgl Session Initialize
DUMMY - putxyres
uit_get_visual_style_low:  Style is PTC Creo 1 (INFO MESSAGE)
check_exec_file_accessible_():  C:\Program Files\PTC\Creo 2.0\Common Files\M050\\x86e_win64\obj\SWConvert.exe accessible (INFO MESSAGE)
browser_get_type_sysdep:  type = 1 (INFO MESSAGE)
GalleryBaseWdg::GalleryBaseWdg:  Activate command of 'ProCmdDwgTblFromGallery' should be type uiCmdTypeNone (INFO MESSAGE)
GalleryBaseWdg::GalleryBaseWdg:  Activate command of 'ProCmdCEFormatsGallery' should be type uiCmdTypeNone (INFO MESSAGE)
GalleryBaseWdg::GalleryBaseWdg:  Activate command of 'ProCmdCEFltFormatsGallery' should be type uiCmdTypeNone (INFO MESSAGE)
uit_CmdUiLoadIfNeeded:  The size of image 'mechanism_large' is not valid ('32x32') in short resource 'procmdutilappmech.res' (INFO MESSAGE)
uit_CmdUiLoadIfNeeded:  The size of image 'animation_large' is not valid ('32x32') in short resource 'procmdutilappanim.res' (INFO MESSAGE)
uit_CmdUiLoadIfNeeded:  The size of image 'welding_large' is not valid ('32x32') in short resource 'procmdutilappasmweld.res' (INFO MESSAGE)
uit_CmdUiLoadIfNeeded:  The size of image 'welding_large' is not valid ('32x32') in short resource 'procmdutilappprtweld.res' (INFO MESSAGE)
uit_CmdUiLoadIfNeeded:  The size of image 'piping_large' is not valid ('32x32') in short resource 'procmdutilapppipe.res' (INFO MESSAGE)
uit_CmdUiLoadIfNeeded:  The size of image 'cabling_large' is not valid ('32x32') in short resource 'procmdutilappcable.res' (INFO MESSAGE)
uit_CmdUiLoadIfNeeded:  The size of image 'mold_cast_large' is not valid ('32x32') in short resource 'procmdutilappmoldcast.res' (INFO MESSAGE)
uit_CmdUiLoadIfNeeded:  The size of image 'mold_layout_large' is not valid ('32x32') in short resource 'procmdutilappasmmoldlayout.res' (INFO MESSAGE)
uit_CmdUiLoadIfNeeded:  The size of image 'drawing_app_large.bif' is not valid ('32x32') in short resource 'procmdutilappdwgstd.res' (INFO MESSAGE)
uit_CmdUiLoadIfNeeded:  The size of image 'legacy_drawing_associator_large.bif' is not valid ('32x32') in short resource 'procmdutilappdwglgcy.res' (INFO MESSAGE)
uit_CmdUiLoadIfNeeded:  The size of image 'drw_template_view_large.bif' is not valid ('32x32') in short resource 'procmdutilappdwgtmplt.res' (INFO MESSAGE)
uit_CmdUiLoadIfNeeded:  The size of image 'piping_large.bif' is not valid ('32x32') in short resource 'procmdutilappdwgpipe.res' (INFO MESSAGE)
ProCmdSelBufferAttrSet():  Can't to find the command: ProCmdFaceted (INFO MESSAGE)
ProCmdSelBufferAttrSet():  Selection Buffer Attribute loaded 41 commands (INFO MESSAGE)
GalleryBaseWdg::GalleryBaseWdg:  Activate command of 'ProCmdMankSelGalPostr' should be type uiCmdTypeNone (INFO MESSAGE)
uit_CmdUiLoadIfNeeded:  The size of image 'man_postures_apply.bif' is not valid ('32x32') in short resource 'procmdmankapplgalpostr.res' (INFO MESSAGE)
UitGroupItem::initVertCells:  The maximum group height has been increased to 73 (INFO MESSAGE)
pfa_set_content_hints:  leaving PRO_ribbon_db.rbn alone (INFO MESSAGE)
ugc_check_version_dbtype:  file 67 != expected 7 (INFO MESSAGE)
pfa_set_content_hints:  leaving PRO_ribbon_db.rbn alone (INFO MESSAGE)
pfa_set_content_hints:  leaving PRO_cmd_groups_db.rbn alone (INFO MESSAGE)
ugc_check_version_dbtype:  file 67 != expected 7 (INFO MESSAGE)
pfa_set_content_hints:  leaving PRO_cmd_groups_db.rbn alone (INFO MESSAGE)
pfa_set_content_hints:  leaving creo_parametric_customization.ui alone (INFO MESSAGE)
ULC::LoadLow:  The customization file is being read from C:\Users\Nelson Wang\AppData\Roaming\PTC\ProENGINEER\Wildfire\.wf\.Settings\creo_parametric_customization.ui
 (INFO MESSAGE)
uit_CmdUiLoadIfNeeded:  The size of image 'dtl_options_large' is not valid ('32x32') in short resource 'procmddwgproperties.res' (INFO MESSAGE)
uit_CmdUiLoadIfNeeded:  The size of image 'options_large.bif' is not valid ('32x32') in short resource 'procmdribbonoptionsdlg.res' (INFO MESSAGE)
ResizeControlWdg::resizeContainerHorz:  Can't resize the control bar properly (INFO MESSAGE)
ResizeControlWdg::resizeContainerHorz:  Can't resize the control bar properly (INFO MESSAGE)
uit_get_visual_style_low:  Style is PTC Creo 1 (INFO MESSAGE)
pglSetStatus: PglWindowEndNoGraphics: Not in nographics mode.

 run mode = 2
update_help_center_path:  Non-Html Help Center Path ignored ->  (INFO MESSAGE)
update_help_center_path:  Help Center Path is set as -> https://www.ptc.com/cs/help/creo_hc/creo20_hc (INFO MESSAGE)
PFSTMakeTypeString:  no zip found (INFO MESSAGE)
pro_locate_colormap ()
located color definition C:\Program Files\PTC\Creo 2.0\Common Files\M050\graphic-library\appearances\appearance.dmt
pro_locate_colormap ()
located color definition C:\Program Files\PTC\Creo 2.0\Common Files\M050\graphic-library\appearances\global.dmt
pro_locate_colormap ()
located Default color definition C:\Program Files\PTC\Creo 2.0\Common Files\M050\graphic-library\appearances\default.dmt
_uit_adb_find_group:  The group 'group_Info194645728' not exists in general (INFO MESSAGE)
_uit_adb_find_group:  The group 'group_InfoAmt' not exists in general (INFO MESSAGE)
_uit_adb_find_group:  The group 'group_InfoDmaAsm' not exists in general (INFO MESSAGE)
_uit_adb_find_group:  The group 'group_InfoAmtAsm' not exists in general (INFO MESSAGE)
AdbPage::buildSizeStateTable:  Can't build Size State Table for page 'home_File' (INFO MESSAGE)
uit_intf_profile_sublay_finish:  bad input (INFO MESSAGE)
 dbkey_get : invalid call, key = -1
maybe_open:  access failed (INFO MESSAGE)
ugc_set_cur_portion:  reset encountered (INFO MESSAGE)
pfa_set_content_hints:  leaving creo_default_scene.scn alone (INFO MESSAGE)
ProImportfeatCreate_low():  uninitialized profile! (INFO MESSAGE)
interface_geometry_low:  Proc.time 00:00:00. (INFO MESSAGE)
feattop_with_data_n_func:  layer idx -2
 (INFO MESSAGE)
pgli_ogl_set_shader_uniform::  Shader variable not found
 (INFO MESSAGE)
pgli_ogl_set_shader_uniform::  Shader variable not found
 (INFO MESSAGE)
W-promenu_on_button can not find PART-Move Dim
W-promenu_on_button can not find PART-Export
W-promenu_on_button can not find PART-List Declare
W-promenu_on_button can not find PART-Shrink Info
W-cannot find menu:PART and/or item:Surface to make accessible
uit_CmdUiLoadIfNeeded:  The size of image 'feat_rotational_blend_large.bif' is not valid ('32x32') in short resource 'procmdftrblend.res' (INFO MESSAGE)
uit_CmdUiLoadIfNeeded:  The size of image 'publish_geometry_large' is not valid ('32x32') in short resource 'procmdoduidsfpublishgeom.res' (INFO MESSAGE)
uit_CmdUiLoadIfNeeded:  The size of image 'family_table_large' is not valid ('32x32') in short resource 'procmdmmfamtab.res' (INFO MESSAGE)
uit_CmdUiLoadIfNeeded:  The size of image 'annotation_new_combostate_large' is not valid ('32x32') in short resource 'procmdnewcombstatenocpy.res' (INFO MESSAGE)
uit_CmdUiLoadIfNeeded:  The size of image 'update_combostate_large' is not valid ('32x32') in short resource 'procmdupdcombstateorient.res' (INFO MESSAGE)
uit_CmdUiLoadIfNeeded:  The size of image 'skt_tb_view_large.bif' is not valid ('32x32') in short resource 'procmdviewactannotorient.res' (INFO MESSAGE)
uit_CmdUiLoadIfNeeded:  The size of image 'direct_assembly_move' is not valid ('32x32') in short resource 'procmdflexmoveassm.res' (INFO MESSAGE)
uit_CmdUiLoadIfNeeded:  The size of image 'mechanica_structure_large' is not valid ('32x32') in short resource 'procmdappmechanica.res' (INFO MESSAGE)
uit_CmdUiLoadIfNeeded:  The size of image 'procmdthermalmodeler.bif' is not valid ('32x32') in short resource 'procmdthermalmodeler.res' (INFO MESSAGE)
_uit_adb_find_group:  The group 'group_Info194645728' not exists in general (INFO MESSAGE)
_uit_adb_find_group:  The group 'group_InfoAmt' not exists in general (INFO MESSAGE)
_uit_adb_find_group:  The group 'group_InfoDmaAsm' not exists in general (INFO MESSAGE)
_uit_adb_find_group:  The group 'group_InfoAmtAsm' not exists in general (INFO MESSAGE)
 dbkey_get : invalid call, key = -1
 dbkey_get : invalid call, key = -1
 dbkey_get : invalid call, key = -1
 dbkey_get : invalid call, key = -1
 dbkey_get : invalid call, key = -1
 dbkey_get : invalid call, key = -1
 dbkey_get : invalid call, key = -1
 dbkey_get : invalid call, key = -1
 dbkey_get : invalid call, key = -1
 dbkey_get : invalid call, key = -1
 dbkey_get : invalid call, key = -1
 dbkey_get : invalid call, key = -1
 dbkey_get : invalid call, key = -1
 dbkey_get : invalid call, key = -1
 dbkey_get : invalid call, key = -1
 dbkey_get : invalid call, key = -1
 dbkey_get : invalid call, key = -1
 dbkey_get : invalid call, key = -1
